speechbrain.utils.quirks - Applied quirks (see `speechbrain.utils.quirks`): [allow_tf32, disable_jit_profiling]
speechbrain.utils.quirks - Excluded quirks specified by the `SB_DISABLE_QUIRKS` environment (comma-separated list): []
speechbrain.core - Beginning experiment!
speechbrain.core - Experiment folder: results/conformer_small/7775
librispeech_prepare - Skipping preparation, completed in previous run.
speechbrain.utils.fetching - Fetch lm.ckpt: Fetching from HuggingFace Hub 'speechbrain/asr-transformer-transformerlm-librispeech' if not cached
speechbrain.utils.fetching - Fetch tokenizer.ckpt: Fetching from HuggingFace Hub 'speechbrain/asr-transformer-transformerlm-librispeech' if not cached
speechbrain.utils.parameter_transfer - Loading pretrained files for: lm, tokenizer
speechbrain.core - Info: precision arg from hparam file is used
speechbrain.core - Info: max_grad_norm arg from hparam file is used
speechbrain.core - Info: grad_accumulation_factor arg from hparam file is used
speechbrain.core - Gradscaler enabled: False. Using precision: fp32.
speechbrain.core - ASR Model Statistics:
* Total Number of Trainable Parameters: 13.3M
* Total Number of Parameters: 13.3M
* Trainable Parameters represent 100.0000% of the total size.
speechbrain.utils.checkpoints - Loading a checkpoint from results/conformer_small/7775/save/CKPT+2025-04-15+13-38-44+00
speechbrain.utils.epoch_loop - Going into epoch 104
speechbrain.utils.train_logger - epoch: 104, lr: 1.01e-04, steps: 2437448, optimizer: Adam - train loss: 2.09e+02 - valid loss: 1.39e+02, valid ACC: 2.78e-01
speechbrain.utils.checkpoints - Saved an end-of-epoch checkpoint in results/conformer_small/7775/save/CKPT+2025-04-15+20-14-43+00
speechbrain.utils.checkpoints - Deleted checkpoint in results/conformer_small/7775/save/CKPT+2025-04-14+21-00-20+00
speechbrain.utils.epoch_loop - Going into epoch 105
speechbrain.utils.train_logger - epoch: 105, lr: 1.01e-04, steps: 2460885, optimizer: Adam - train loss: 2.09e+02 - valid loss: 1.37e+02, valid ACC: 2.79e-01
speechbrain.utils.checkpoints - Saved an end-of-epoch checkpoint in results/conformer_small/7775/save/CKPT+2025-04-15+22-01-50+00
speechbrain.utils.checkpoints - Deleted checkpoint in results/conformer_small/7775/save/CKPT+2025-04-14+22-46-13+00
speechbrain.utils.epoch_loop - Going into epoch 106
speechbrain.utils.train_logger - epoch: 106, lr: 1.00e-04, steps: 2484322, optimizer: Adam - train loss: 2.09e+02 - valid loss: 1.39e+02, valid ACC: 2.77e-01
speechbrain.utils.checkpoints - Saved an end-of-epoch checkpoint in results/conformer_small/7775/save/CKPT+2025-04-15+23-47-33+00
speechbrain.utils.epoch_loop - Going into epoch 107
speechbrain.utils.train_logger - epoch: 107, lr: 9.98e-05, steps: 2507759, optimizer: Adam - train loss: 2.09e+02 - valid loss: 1.39e+02, valid ACC: 2.79e-01
speechbrain.utils.checkpoints - Saved an end-of-epoch checkpoint in results/conformer_small/7775/save/CKPT+2025-04-16+01-33-52+00
speechbrain.utils.checkpoints - Deleted checkpoint in results/conformer_small/7775/save/CKPT+2025-04-15+02-20-40+00
speechbrain.utils.epoch_loop - Going into epoch 108
speechbrain.utils.train_logger - epoch: 108, lr: 9.94e-05, steps: 2531196, optimizer: Adam - train loss: 2.09e+02 - valid loss: 1.39e+02, valid ACC: 2.79e-01
speechbrain.utils.checkpoints - Saved an end-of-epoch checkpoint in results/conformer_small/7775/save/CKPT+2025-04-16+03-21-06+00
speechbrain.utils.checkpoints - Deleted checkpoint in results/conformer_small/7775/save/CKPT+2025-04-15+04-05-24+00
speechbrain.utils.epoch_loop - Going into epoch 109
speechbrain.utils.train_logger - epoch: 109, lr: 9.89e-05, steps: 2554633, optimizer: Adam - train loss: 2.09e+02 - valid loss: 1.39e+02, valid ACC: 2.73e-01
speechbrain.utils.checkpoints - Saved an end-of-epoch checkpoint in results/conformer_small/7775/save/CKPT+2025-04-16+05-08-43+00
speechbrain.utils.checkpoints - Deleted checkpoint in results/conformer_small/7775/save/CKPT+2025-04-15+05-49-30+00
speechbrain.utils.epoch_loop - Going into epoch 110
speechbrain.utils.train_logger - epoch: 110, lr: 9.85e-05, steps: 2578070, optimizer: Adam - train loss: 2.09e+02 - valid loss: 1.37e+02, valid ACC: 2.77e-01, valid WER: 96.25
speechbrain.utils.checkpoints - Saved an end-of-epoch checkpoint in results/conformer_small/7775/save/CKPT+2025-04-16+07-38-13+00
speechbrain.utils.checkpoints - Deleted checkpoint in results/conformer_small/7775/save/CKPT+2025-04-15+08-22-52+00
speechbrain.utils.checkpoints - Loading a checkpoint from results/conformer_small/7775/save/CKPT+2025-04-16+07-38-13+00
Loaded the average
speechbrain.utils.train_logger - Epoch loaded: 110 - test loss: 2.77e+02, test ACC: 1.55e-01, test WER: 98.39
speechbrain.utils.checkpoints - Saved an end-of-epoch checkpoint in results/conformer_small/7775/save/CKPT+2025-04-16+12-36-15+00
speechbrain.utils.checkpoints - Deleted checkpoint in results/conformer_small/7775/save/CKPT+2025-04-16+03-21-06+00
speechbrain.utils.checkpoints - Deleted checkpoint in results/conformer_small/7775/save/CKPT+2025-04-13+15-06-01+00
speechbrain.utils.checkpoints - Deleted checkpoint in results/conformer_small/7775/save/CKPT+2025-04-15+10-08-46+00
speechbrain.utils.checkpoints - Deleted checkpoint in results/conformer_small/7775/save/CKPT+2025-04-15+00-34-05+00
speechbrain.utils.checkpoints - Deleted checkpoint in results/conformer_small/7775/save/CKPT+2025-04-15+23-47-33+00
speechbrain.utils.checkpoints - Deleted checkpoint in results/conformer_small/7775/save/CKPT+2025-04-15+22-01-50+00
speechbrain.utils.checkpoints - Deleted checkpoint in results/conformer_small/7775/save/CKPT+2025-04-11+18-23-16+00
speechbrain.utils.checkpoints - Deleted checkpoint in results/conformer_small/7775/save/CKPT+2025-04-13+00-59-02+00
speechbrain.utils.checkpoints - Deleted checkpoint in results/conformer_small/7775/save/CKPT+2025-04-13+02-45-13+00
speechbrain.utils.checkpoints - Deleted checkpoint in results/conformer_small/7775/save/CKPT+2025-04-16+05-08-43+00
speechbrain.utils.checkpoints - Deleted checkpoint in results/conformer_small/7775/save/CKPT+2025-04-16+01-33-52+00
speechbrain.utils.checkpoints - Deleted checkpoint in results/conformer_small/7775/save/CKPT+2025-04-12+03-55-40+00
speechbrain.utils.checkpoints - Deleted checkpoint in results/conformer_small/7775/save/CKPT+2025-04-13+08-04-27+00
speechbrain.utils.checkpoints - Deleted checkpoint in results/conformer_small/7775/save/CKPT+2025-04-16+07-38-13+00
speechbrain.utils.checkpoints - Deleted checkpoint in results/conformer_small/7775/save/CKPT+2025-04-15+11-54-36+00
speechbrain.utils.checkpoints - Deleted checkpoint in results/conformer_small/7775/save/CKPT+2025-04-15+20-14-43+00
speechbrain.utils.checkpoints - Deleted checkpoint in results/conformer_small/7775/save/CKPT+2025-04-15+13-38-44+00
speechbrain.utils.checkpoints - Deleted checkpoint in results/conformer_small/7775/save/CKPT+2025-04-11+14-51-42+00
speechbrain.utils.checkpoints - Deleted checkpoint in results/conformer_small/7775/save/CKPT+2025-04-11+05-58-54+00
speechbrain.utils.checkpoints - Loading a checkpoint from results/conformer_small/7775/save/CKPT+2025-04-16+12-36-15+00
Loaded the average
speechbrain.utils.train_logger - Epoch loaded: 110 - test loss: 1.28e+02, test ACC: 1.55e-01, test WER: 99.48
speechbrain.utils.checkpoints - Saved an end-of-epoch checkpoint in results/conformer_small/7775/save/CKPT+2025-04-16+17-20-59+00
speechbrain.utils.checkpoints - Deleted checkpoint in results/conformer_small/7775/save/CKPT+2025-04-16+12-36-15+00
